<?xml version="1.0" encoding="UTF-8"?>
<testsuite xmlns:xsi="http://www.w3.org/2001/XMLSchema-instance" xsi:noNamespaceSchemaLocation="https://maven.apache.org/surefire/maven-surefire-plugin/xsd/surefire-test-report.xsd" name="org.example.AppTest" time="0.239" tests="1" errors="0" skipped="0" failures="0">
  <properties>
    <property name="sun.desktop" value="gnome"/>
    <property name="awt.toolkit" value="sun.awt.X11.XToolkit"/>
    <property name="java.specification.version" value="11"/>
    <property name="sun.cpu.isalist" value=""/>
    <property name="sun.jnu.encoding" value="UTF-8"/>
    <property name="java.class.path" value="/home/pascu/projects/testprojectapi/target/test-classes:/home/pascu/projects/testprojectapi/target/classes:/home/pascu/.m2/repository/io/github/fslev/cucumber-utils/5.28/cucumber-utils-5.28.jar:/home/pascu/.m2/repository/org/apache/httpcomponents/httpclient/4.5.11/httpclient-4.5.11.jar:/home/pascu/.m2/repository/org/apache/httpcomponents/httpcore/4.4.13/httpcore-4.4.13.jar:/home/pascu/.m2/repository/commons-logging/commons-logging/1.2/commons-logging-1.2.jar:/home/pascu/.m2/repository/commons-codec/commons-codec/1.11/commons-codec-1.11.jar:/home/pascu/.m2/repository/org/apache/commons/commons-text/1.8/commons-text-1.8.jar:/home/pascu/.m2/repository/org/apache/commons/commons-lang3/3.9/commons-lang3-3.9.jar:/home/pascu/.m2/repository/mysql/mysql-connector-java/8.0.19/mysql-connector-java-8.0.19.jar:/home/pascu/.m2/repository/com/google/protobuf/protobuf-java/3.6.1/protobuf-java-3.6.1.jar:/home/pascu/.m2/repository/org/postgresql/postgresql/42.2.10/postgresql-42.2.10.jar:/home/pascu/.m2/repository/net/sourceforge/jtds/jtds/1.3.1/jtds-1.3.1.jar:/home/pascu/.m2/repository/org/xmlunit/xmlunit-core/2.6.3/xmlunit-core-2.6.3.jar:/home/pascu/.m2/repository/javax/xml/bind/jaxb-api/2.3.0/jaxb-api-2.3.0.jar:/home/pascu/.m2/repository/org/xmlunit/xmlunit-matchers/2.6.3/xmlunit-matchers-2.6.3.jar:/home/pascu/.m2/repository/com/jcraft/jsch/0.1.55/jsch-0.1.55.jar:/home/pascu/.m2/repository/com/github/fslev/json-compare/2.15/json-compare-2.15.jar:/home/pascu/.m2/repository/io/cucumber/cucumber-java8/5.4.2/cucumber-java8-5.4.2.jar:/home/pascu/.m2/repository/net/jodah/typetools/0.6.2/typetools-0.6.2.jar:/home/pascu/.m2/repository/io/cucumber/cucumber-plugin/5.4.2/cucumber-plugin-5.4.2.jar:/home/pascu/.m2/repository/io/cucumber/cucumber-junit/5.4.2/cucumber-junit-5.4.2.jar:/home/pascu/.m2/repository/io/cucumber/cucumber-testng/5.4.2/cucumber-testng-5.4.2.jar:/home/pascu/.m2/repository/org/testng/testng/7.1.0/testng-7.1.0.jar:/home/pascu/.m2/repository/com/beust/jcommander/1.72/jcommander-1.72.jar:/home/pascu/.m2/repository/com/google/inject/guice/4.1.0/guice-4.1.0-no_aop.jar:/home/pascu/.m2/repository/com/google/inject/guice/4.2.2/guice-4.2.2.jar:/home/pascu/.m2/repository/javax/inject/javax.inject/1/javax.inject-1.jar:/home/pascu/.m2/repository/aopalliance/aopalliance/1.0/aopalliance-1.0.jar:/home/pascu/.m2/repository/com/google/guava/guava/25.1-android/guava-25.1-android.jar:/home/pascu/.m2/repository/com/google/code/findbugs/jsr305/3.0.2/jsr305-3.0.2.jar:/home/pascu/.m2/repository/org/checkerframework/checker-compat-qual/2.0.0/checker-compat-qual-2.0.0.jar:/home/pascu/.m2/repository/com/google/errorprone/error_prone_annotations/2.1.3/error_prone_annotations-2.1.3.jar:/home/pascu/.m2/repository/com/google/j2objc/j2objc-annotations/1.1/j2objc-annotations-1.1.jar:/home/pascu/.m2/repository/org/codehaus/mojo/animal-sniffer-annotations/1.14/animal-sniffer-annotations-1.14.jar:/home/pascu/.m2/repository/io/cucumber/cucumber-expressions/9.0.0/cucumber-expressions-9.0.0.jar:/home/pascu/.m2/repository/com/fasterxml/jackson/core/jackson-annotations/2.10.2/jackson-annotations-2.10.2.jar:/home/pascu/.m2/repository/com/fasterxml/jackson/core/jackson-databind/2.10.2/jackson-databind-2.10.2.jar:/home/pascu/.m2/repository/com/fasterxml/jackson/core/jackson-core/2.10.2/jackson-core-2.10.2.jar:/home/pascu/.m2/repository/org/yaml/snakeyaml/1.25/snakeyaml-1.25.jar:/home/pascu/.m2/repository/org/apache/logging/log4j/log4j-api/2.13.0/log4j-api-2.13.0.jar:/home/pascu/.m2/repository/org/apache/logging/log4j/log4j-core/2.13.0/log4j-core-2.13.0.jar:/home/pascu/.m2/repository/junit/junit/4.12/junit-4.12.jar:/home/pascu/.m2/repository/org/hamcrest/hamcrest-core/1.3/hamcrest-core-1.3.jar:/home/pascu/.m2/repository/io/cucumber/cucumber-core/4.7.2/cucumber-core-4.7.2.jar:/home/pascu/.m2/repository/io/cucumber/gherkin/5.1.0/gherkin-5.1.0.jar:/home/pascu/.m2/repository/io/cucumber/tag-expressions/1.1.1/tag-expressions-1.1.1.jar:/home/pascu/.m2/repository/io/cucumber/datatable/1.1.14/datatable-1.1.14.jar:/home/pascu/.m2/repository/io/cucumber/datatable-dependencies/1.1.14/datatable-dependencies-1.1.14.jar:/home/pascu/.m2/repository/org/apiguardian/apiguardian-api/1.1.0/apiguardian-api-1.1.0.jar:/home/pascu/.m2/repository/io/cucumber/cucumber-java/4.7.2/cucumber-java-4.7.2.jar:/home/pascu/.m2/repository/io/cucumber/cucumber-guice/4.7.2/cucumber-guice-4.7.2.jar:"/>
    <property name="java.vm.vendor" value="Oracle Corporation"/>
    <property name="sun.arch.data.model" value="64"/>
    <property name="java.vendor.url" value="http://java.oracle.com/"/>
    <property name="user.timezone" value=""/>
    <property name="java.vm.specification.version" value="11"/>
    <property name="os.name" value="Linux"/>
    <property name="sun.java.launcher" value="SUN_STANDARD"/>
    <property name="user.country" value="US"/>
    <property name="sun.boot.library.path" value="/usr/lib/jvm/jdk-11.0.1/lib"/>
    <property name="sun.java.command" value="/home/pascu/projects/testprojectapi/target/surefire/surefirebooter9492916130103521985.jar /home/pascu/projects/testprojectapi/target/surefire 2020-04-05T14-50-05_653-jvmRun1 surefire7384205862932158061tmp surefire_06785032862348186511tmp"/>
    <property name="jdk.debug" value="release"/>
    <property name="surefire.test.class.path" value="/home/pascu/projects/testprojectapi/target/test-classes:/home/pascu/projects/testprojectapi/target/classes:/home/pascu/.m2/repository/io/github/fslev/cucumber-utils/5.28/cucumber-utils-5.28.jar:/home/pascu/.m2/repository/org/apache/httpcomponents/httpclient/4.5.11/httpclient-4.5.11.jar:/home/pascu/.m2/repository/org/apache/httpcomponents/httpcore/4.4.13/httpcore-4.4.13.jar:/home/pascu/.m2/repository/commons-logging/commons-logging/1.2/commons-logging-1.2.jar:/home/pascu/.m2/repository/commons-codec/commons-codec/1.11/commons-codec-1.11.jar:/home/pascu/.m2/repository/org/apache/commons/commons-text/1.8/commons-text-1.8.jar:/home/pascu/.m2/repository/org/apache/commons/commons-lang3/3.9/commons-lang3-3.9.jar:/home/pascu/.m2/repository/mysql/mysql-connector-java/8.0.19/mysql-connector-java-8.0.19.jar:/home/pascu/.m2/repository/com/google/protobuf/protobuf-java/3.6.1/protobuf-java-3.6.1.jar:/home/pascu/.m2/repository/org/postgresql/postgresql/42.2.10/postgresql-42.2.10.jar:/home/pascu/.m2/repository/net/sourceforge/jtds/jtds/1.3.1/jtds-1.3.1.jar:/home/pascu/.m2/repository/org/xmlunit/xmlunit-core/2.6.3/xmlunit-core-2.6.3.jar:/home/pascu/.m2/repository/javax/xml/bind/jaxb-api/2.3.0/jaxb-api-2.3.0.jar:/home/pascu/.m2/repository/org/xmlunit/xmlunit-matchers/2.6.3/xmlunit-matchers-2.6.3.jar:/home/pascu/.m2/repository/com/jcraft/jsch/0.1.55/jsch-0.1.55.jar:/home/pascu/.m2/repository/com/github/fslev/json-compare/2.15/json-compare-2.15.jar:/home/pascu/.m2/repository/io/cucumber/cucumber-java8/5.4.2/cucumber-java8-5.4.2.jar:/home/pascu/.m2/repository/net/jodah/typetools/0.6.2/typetools-0.6.2.jar:/home/pascu/.m2/repository/io/cucumber/cucumber-plugin/5.4.2/cucumber-plugin-5.4.2.jar:/home/pascu/.m2/repository/io/cucumber/cucumber-junit/5.4.2/cucumber-junit-5.4.2.jar:/home/pascu/.m2/repository/io/cucumber/cucumber-testng/5.4.2/cucumber-testng-5.4.2.jar:/home/pascu/.m2/repository/org/testng/testng/7.1.0/testng-7.1.0.jar:/home/pascu/.m2/repository/com/beust/jcommander/1.72/jcommander-1.72.jar:/home/pascu/.m2/repository/com/google/inject/guice/4.1.0/guice-4.1.0-no_aop.jar:/home/pascu/.m2/repository/com/google/inject/guice/4.2.2/guice-4.2.2.jar:/home/pascu/.m2/repository/javax/inject/javax.inject/1/javax.inject-1.jar:/home/pascu/.m2/repository/aopalliance/aopalliance/1.0/aopalliance-1.0.jar:/home/pascu/.m2/repository/com/google/guava/guava/25.1-android/guava-25.1-android.jar:/home/pascu/.m2/repository/com/google/code/findbugs/jsr305/3.0.2/jsr305-3.0.2.jar:/home/pascu/.m2/repository/org/checkerframework/checker-compat-qual/2.0.0/checker-compat-qual-2.0.0.jar:/home/pascu/.m2/repository/com/google/errorprone/error_prone_annotations/2.1.3/error_prone_annotations-2.1.3.jar:/home/pascu/.m2/repository/com/google/j2objc/j2objc-annotations/1.1/j2objc-annotations-1.1.jar:/home/pascu/.m2/repository/org/codehaus/mojo/animal-sniffer-annotations/1.14/animal-sniffer-annotations-1.14.jar:/home/pascu/.m2/repository/io/cucumber/cucumber-expressions/9.0.0/cucumber-expressions-9.0.0.jar:/home/pascu/.m2/repository/com/fasterxml/jackson/core/jackson-annotations/2.10.2/jackson-annotations-2.10.2.jar:/home/pascu/.m2/repository/com/fasterxml/jackson/core/jackson-databind/2.10.2/jackson-databind-2.10.2.jar:/home/pascu/.m2/repository/com/fasterxml/jackson/core/jackson-core/2.10.2/jackson-core-2.10.2.jar:/home/pascu/.m2/repository/org/yaml/snakeyaml/1.25/snakeyaml-1.25.jar:/home/pascu/.m2/repository/org/apache/logging/log4j/log4j-api/2.13.0/log4j-api-2.13.0.jar:/home/pascu/.m2/repository/org/apache/logging/log4j/log4j-core/2.13.0/log4j-core-2.13.0.jar:/home/pascu/.m2/repository/junit/junit/4.12/junit-4.12.jar:/home/pascu/.m2/repository/org/hamcrest/hamcrest-core/1.3/hamcrest-core-1.3.jar:/home/pascu/.m2/repository/io/cucumber/cucumber-core/4.7.2/cucumber-core-4.7.2.jar:/home/pascu/.m2/repository/io/cucumber/gherkin/5.1.0/gherkin-5.1.0.jar:/home/pascu/.m2/repository/io/cucumber/tag-expressions/1.1.1/tag-expressions-1.1.1.jar:/home/pascu/.m2/repository/io/cucumber/datatable/1.1.14/datatable-1.1.14.jar:/home/pascu/.m2/repository/io/cucumber/datatable-dependencies/1.1.14/datatable-dependencies-1.1.14.jar:/home/pascu/.m2/repository/org/apiguardian/apiguardian-api/1.1.0/apiguardian-api-1.1.0.jar:/home/pascu/.m2/repository/io/cucumber/cucumber-java/4.7.2/cucumber-java-4.7.2.jar:/home/pascu/.m2/repository/io/cucumber/cucumber-guice/4.7.2/cucumber-guice-4.7.2.jar:"/>
    <property name="sun.cpu.endian" value="little"/>
    <property name="user.home" value="/home/pascu"/>
    <property name="user.language" value="en"/>
    <property name="java.specification.vendor" value="Oracle Corporation"/>
    <property name="java.version.date" value="2018-10-16"/>
    <property name="java.home" value="/usr/lib/jvm/jdk-11.0.1"/>
    <property name="file.separator" value="/"/>
    <property name="basedir" value="/home/pascu/projects/testprojectapi"/>
    <property name="java.vm.compressedOopsMode" value="Zero based"/>
    <property name="line.separator" value="&#10;"/>
    <property name="java.specification.name" value="Java Platform API Specification"/>
    <property name="java.vm.specification.vendor" value="Oracle Corporation"/>
    <property name="java.awt.graphicsenv" value="sun.awt.X11GraphicsEnvironment"/>
    <property name="surefire.real.class.path" value="/home/pascu/projects/testprojectapi/target/surefire/surefirebooter9492916130103521985.jar"/>
    <property name="sun.management.compiler" value="HotSpot 64-Bit Tiered Compilers"/>
    <property name="java.runtime.version" value="11.0.1+13"/>
    <property name="user.name" value="pascu"/>
    <property name="path.separator" value=":"/>
    <property name="os.version" value="5.3.0-42-generic"/>
    <property name="java.runtime.name" value="OpenJDK Runtime Environment"/>
    <property name="file.encoding" value="UTF-8"/>
    <property name="java.vm.name" value="OpenJDK 64-Bit Server VM"/>
    <property name="java.vendor.version" value="18.9"/>
    <property name="localRepository" value="/home/pascu/.m2/repository"/>
    <property name="java.vendor.url.bug" value="http://bugreport.java.com/bugreport/"/>
    <property name="java.io.tmpdir" value="/tmp"/>
    <property name="java.version" value="11.0.1"/>
    <property name="user.dir" value="/home/pascu/projects/testprojectapi"/>
    <property name="os.arch" value="amd64"/>
    <property name="java.vm.specification.name" value="Java Virtual Machine Specification"/>
    <property name="java.awt.printerjob" value="sun.print.PSPrinterJob"/>
    <property name="sun.os.patch.level" value="unknown"/>
    <property name="java.library.path" value="/usr/java/packages/lib:/usr/lib64:/lib64:/lib:/usr/lib"/>
    <property name="idea.version2019.3.2" value="true"/>
    <property name="java.vendor" value="Oracle Corporation"/>
    <property name="java.vm.info" value="mixed mode"/>
    <property name="java.vm.version" value="11.0.1+13"/>
    <property name="sun.io.unicode.encoding" value="UnicodeLittle"/>
    <property name="java.class.version" value="55.0"/>
  </properties>
  <testcase name="shouldAnswerWithTrue on shouldAnswerWithTrue(org.example.AppTest)" classname="org.example.AppTest" time="0.019"/>
</testsuite>